#
# There is insufficient memory for the Java Runtime Environment to continue.
# Native memory allocation (malloc) failed to allocate 791248 bytes for Chunk::new
# Possible reasons:
#   The system is out of physical RAM or swap space
#   The process is running with CompressedOops enabled, and the Java Heap may be blocking the growth of the native heap
# Possible solutions:
#   Reduce memory load on the system
#   Increase physical memory or swap space
#   Check if swap backing store is full
#   Decrease Java heap size (-Xmx/-Xms)
#   Decrease number of Java threads
#   Decrease Java thread stack sizes (-Xss)
#   Set larger code cache with -XX:ReservedCodeCacheSize=
#   JVM is running with Unscaled Compressed Oops mode in which the Java heap is
#     placed in the first 4GB address space. The Java Heap base address is the
#     maximum limit for the native heap growth. Please use -XX:HeapBaseMinAddress
#     to set the Java Heap base and to place the Java Heap above 4GB virtual address.
# This output file may be truncated or incomplete.
#
#  Out of Memory Error (allocation.cpp:389), pid=3040, tid=0x00000000000049b4
#
# JRE version: OpenJDK Runtime Environment (8.0_302-b08) (build 1.8.0_302-b08)
# Java VM: OpenJDK 64-Bit Server VM (25.302-b08 mixed mode windows-amd64 compressed oops)
# Failed to write core dump. Minidumps are not enabled by default on client versions of Windows
#

---------------  T H R E A D  ---------------

Current thread (0x0000000015b4b800):  JavaThread "C2 CompilerThread0" daemon [_thread_in_native, id=18868, stack(0x0000000016440000,0x0000000016540000)]

Stack: [0x0000000016440000,0x0000000016540000]
[error occurred during error reporting (printing stack bounds), id 0xc0000005]

Native frames: (J=compiled Java code, j=interpreted, Vv=VM code, C=native code)


Current CompileTask:
C2:   5980 2177   !   4       java.net.URLClassLoader$1::run (63 bytes)


---------------  P R O C E S S  ---------------

Java Threads: ( => current thread )
  0x0000000015b56000 JavaThread "Cache worker for execution history cache (C:\Users\moron\.gradle\caches\6.2\executionHistory)" [_thread_blocked, id=13608, stack(0x000000001d4a0000,0x000000001d5a0000)]
  0x0000000015b58800 JavaThread "Cache worker for cache directory md-rule (C:\Users\moron\.gradle\caches\6.2\md-rule)" [_thread_blocked, id=17956, stack(0x000000001d3a0000,0x000000001d4a0000)]
  0x0000000015b57800 JavaThread "Cache worker for cache directory md-supplier (C:\Users\moron\.gradle\caches\6.2\md-supplier)" [_thread_blocked, id=20656, stack(0x000000001cc30000,0x000000001cd30000)]
  0x0000000015b55000 JavaThread "Cache worker for file hash cache (C:\Users\moron\Desktop\r-n\LARC_APP-master\android\.gradle\6.2\fileHashes)" [_thread_blocked, id=13424, stack(0x000000001cea0000,0x000000001cfa0000)]
  0x0000000015b57000 JavaThread "Cache worker for checksums cache (C:\Users\moron\Desktop\r-n\LARC_APP-master\android\.gradle\checksums)" [_thread_blocked, id=20704, stack(0x000000001cda0000,0x000000001cea0000)]
  0x0000000015b5a000 JavaThread "Cache worker for file hash cache (C:\Users\moron\.gradle\caches\6.2\fileHashes)" [_thread_blocked, id=1828, stack(0x000000001a990000,0x000000001aa90000)]
  0x0000000015b5b800 JavaThread "File lock request listener" [_thread_in_native, id=17488, stack(0x000000001a890000,0x000000001a990000)]
  0x0000000015b54800 JavaThread "Cache worker for journal cache (C:\Users\moron\.gradle\caches\journal-1)" [_thread_blocked, id=9124, stack(0x000000001a790000,0x000000001a890000)]
  0x00000000185b8000 JavaThread "Thread-9" [_thread_blocked, id=17364, stack(0x000000001a490000,0x000000001a590000)]
  0x00000000185b5000 JavaThread "Stdin handler" [_thread_blocked, id=16548, stack(0x000000001a390000,0x000000001a490000)]
  0x000000001854a800 JavaThread "Asynchronous log dispatcher for DefaultDaemonConnection: socket connection from /127.0.0.1:63432 to /127.0.0.1:63433" [_thread_blocked, id=11956, stack(0x000000001a190000,0x000000001a290000)]
  0x000000001820e000 JavaThread "Daemon worker" [_thread_in_native, id=13028, stack(0x000000001a090000,0x000000001a190000)]
  0x000000001820d000 JavaThread "Cancel handler" [_thread_blocked, id=17444, stack(0x0000000019f90000,0x000000001a090000)]
  0x000000001820b000 JavaThread "Handler for socket connection from /127.0.0.1:63432 to /127.0.0.1:63433" [_thread_in_native, id=19080, stack(0x0000000019c90000,0x0000000019d90000)]
  0x0000000018208000 JavaThread "Daemon" [_thread_blocked, id=22224, stack(0x0000000019b90000,0x0000000019c90000)]
  0x0000000018594800 JavaThread "Daemon periodic checks" [_thread_blocked, id=20340, stack(0x0000000019a90000,0x0000000019b90000)]
  0x0000000018519000 JavaThread "Incoming local TCP Connector on port 63432" [_thread_in_native, id=17740, stack(0x0000000019820000,0x0000000019920000)]
  0x00000000181b4800 JavaThread "Daemon health stats" [_thread_blocked, id=5452, stack(0x0000000018210000,0x0000000018310000)]
  0x0000000015be0800 JavaThread "Service Thread" daemon [_thread_blocked, id=6776, stack(0x0000000016840000,0x0000000016940000)]
  0x0000000015b5a800 JavaThread "C1 CompilerThread3" daemon [_thread_blocked, id=4280, stack(0x0000000016740000,0x0000000016840000)]
  0x0000000015b4f000 JavaThread "C2 CompilerThread2" daemon [_thread_in_native, id=22600, stack(0x0000000016640000,0x0000000016740000)]
  0x0000000015b46000 JavaThread "C2 CompilerThread1" daemon [_thread_in_native, id=18732, stack(0x0000000016540000,0x0000000016640000)]
=>0x0000000015b4b800 JavaThread "C2 CompilerThread0" daemon [_thread_in_native, id=18868, stack(0x0000000016440000,0x0000000016540000)]
  0x0000000015b3e000 JavaThread "Attach Listener" daemon [_thread_blocked, id=7748, stack(0x0000000016340000,0x0000000016440000)]
  0x0000000013d3d800 JavaThread "Signal Dispatcher" daemon [_thread_blocked, id=19812, stack(0x0000000016240000,0x0000000016340000)]
  0x0000000015b31800 JavaThread "Finalizer" daemon [_thread_blocked, id=10912, stack(0x0000000016010000,0x0000000016110000)]
  0x0000000015b30800 JavaThread "Reference Handler" daemon [_thread_blocked, id=2880, stack(0x0000000015f10000,0x0000000016010000)]
  0x00000000023a2800 JavaThread "main" [_thread_blocked, id=20628, stack(0x0000000002280000,0x0000000002380000)]

Other Threads:
  0x0000000013d26800 VMThread [stack: 0x0000000015a10000,0x0000000015b10000] [id=13712]
  0x0000000015b89000 WatcherThread [stack: 0x0000000016940000,0x0000000016a40000] [id=2540]

VM state:not at safepoint (normal execution)

VM Mutex/Monitor currently owned by a thread: None

heap address: 0x00000000e0000000, size: 512 MB, Compressed Oops mode: 32-bit
Narrow klass base: 0x0000000000000000, Narrow klass shift: 3
Compressed class space size: 1073741824 Address: 0x0000000100000000

Heap:
 PSYoungGen      total 76288K, used 9805K [0x00000000f5580000, 0x00000000faa80000, 0x0000000100000000)
  eden space 65536K, 2% used [0x00000000f5580000,0x00000000f56cd248,0x00000000f9580000)
  from space 10752K, 78% used [0x00000000f9580000,0x00000000f9dc62c0,0x00000000fa000000)
  to   space 10752K, 0% used [0x00000000fa000000,0x00000000fa000000,0x00000000faa80000)
 ParOldGen       total 175104K, used 7086K [0x00000000e0000000, 0x00000000eab00000, 0x00000000f5580000)
  object space 175104K, 4% used [0x00000000e0000000,0x00000000e06ebaa8,0x00000000eab00000)
 Metaspace       used 29142K, capacity 29858K, committed 30080K, reserved 1075200K
  class space    used 3979K, capacity 4201K, committed 4224K, reserved 1048576K

Card table byte_map: [0x0000000011870000,0x0000000011980000] byte_map_base: 0x0000000011170000

Marking Bits: (ParMarkBitMap*) 0x0000000072801440
 Begin Bits: [0x0000000012230000, 0x0000000012a30000)
 End Bits:   [0x0000000012a30000, 0x0000000013230000)

Polling page: 0x0000000002380000

CodeCache: size=245760Kb used=8800Kb max_used=8800Kb free=236959Kb
 bounds [0x00000000024b0000, 0x0000000002d50000, 0x00000000114b0000]
 total_blobs=2927 nmethods=2256 adapters=584
 compilation: enabled

Compilation events (10 events):
Event: 5.947 Thread 0x0000000015b5a800 2259       3       groovyjarjarasm.asm.SymbolTable::get (13 bytes)
Event: 5.947 Thread 0x0000000015b5a800 nmethod 2259 0x0000000002d446d0 code [0x0000000002d44820, 0x0000000002d449b0]
Event: 5.953 Thread 0x0000000015b5a800 2260       3       java.lang.Class$MethodArray::addAll (22 bytes)
Event: 5.954 Thread 0x0000000015b5a800 nmethod 2260 0x0000000002d44a90 code [0x0000000002d44c00, 0x0000000002d44e88]
Event: 5.954 Thread 0x0000000015b5a800 2262       3       java.beans.PropertyDescriptor::setClass0 (25 bytes)
Event: 5.954 Thread 0x0000000015b5a800 nmethod 2262 0x0000000002d44f90 code [0x0000000002d45180, 0x0000000002d45c98]
Event: 5.954 Thread 0x0000000015b5a800 2261       3       java.beans.Introspector::addPropertyDescriptor (265 bytes)
Event: 5.959 Thread 0x0000000015b5a800 nmethod 2261 0x0000000002d46090 code [0x0000000002d46580, 0x0000000002d49f58]
Event: 5.969 Thread 0x0000000015b5a800 2264       3       java.net.URLClassLoader::access$100 (7 bytes)
Event: 5.969 Thread 0x0000000015b5a800 nmethod 2264 0x0000000002d4c0d0 code [0x0000000002d4c240, 0x0000000002d4c3a8]

GC Heap History (10 events):
Event: 1.558 GC heap after
Heap after GC invocations=1 (full 0):
 PSYoungGen      total 76288K, used 5816K [0x00000000f5580000, 0x00000000faa80000, 0x0000000100000000)
  eden space 65536K, 0% used [0x00000000f5580000,0x00000000f5580000,0x00000000f9580000)
  from space 10752K, 54% used [0x00000000f9580000,0x00000000f9b2e0d0,0x00000000fa000000)
  to   space 10752K, 0% used [0x00000000fa000000,0x00000000fa000000,0x00000000faa80000)
 ParOldGen       total 175104K, used 16K [0x00000000e0000000, 0x00000000eab00000, 0x00000000f5580000)
  object space 175104K, 0% used [0x00000000e0000000,0x00000000e0004000,0x00000000eab00000)
 Metaspace       used 7718K, capacity 7932K, committed 8064K, reserved 1056768K
  class space    used 966K, capacity 1047K, committed 1152K, reserved 1048576K
}
Event: 3.530 GC heap before
{Heap before GC invocations=2 (full 0):
 PSYoungGen      total 76288K, used 71352K [0x00000000f5580000, 0x00000000faa80000, 0x0000000100000000)
  eden space 65536K, 100% used [0x00000000f5580000,0x00000000f9580000,0x00000000f9580000)
  from space 10752K, 54% used [0x00000000f9580000,0x00000000f9b2e0d0,0x00000000fa000000)
  to   space 10752K, 0% used [0x00000000fa000000,0x00000000fa000000,0x00000000faa80000)
 ParOldGen       total 175104K, used 16K [0x00000000e0000000, 0x00000000eab00000, 0x00000000f5580000)
  object space 175104K, 0% used [0x00000000e0000000,0x00000000e0004000,0x00000000eab00000)
 Metaspace       used 14929K, capacity 15278K, committed 15488K, reserved 1062912K
  class space    used 2031K, capacity 2167K, committed 2176K, reserved 1048576K
Event: 3.541 GC heap after
Heap after GC invocations=2 (full 0):
 PSYoungGen      total 76288K, used 9503K [0x00000000f5580000, 0x00000000faa80000, 0x0000000100000000)
  eden space 65536K, 0% used [0x00000000f5580000,0x00000000f5580000,0x00000000f9580000)
  from space 10752K, 88% used [0x00000000fa000000,0x00000000fa947c88,0x00000000faa80000)
  to   space 10752K, 0% used [0x00000000f9580000,0x00000000f9580000,0x00000000fa000000)
 ParOldGen       total 175104K, used 24K [0x00000000e0000000, 0x00000000eab00000, 0x00000000f5580000)
  object space 175104K, 0% used [0x00000000e0000000,0x00000000e0006000,0x00000000eab00000)
 Metaspace       used 14929K, capacity 15278K, committed 15488K, reserved 1062912K
  class space    used 2031K, capacity 2167K, committed 2176K, reserved 1048576K
}
Event: 4.521 GC heap before
{Heap before GC invocations=3 (full 0):
 PSYoungGen      total 76288K, used 75039K [0x00000000f5580000, 0x00000000faa80000, 0x0000000100000000)
  eden space 65536K, 100% used [0x00000000f5580000,0x00000000f9580000,0x00000000f9580000)
  from space 10752K, 88% used [0x00000000fa000000,0x00000000fa947c88,0x00000000faa80000)
  to   space 10752K, 0% used [0x00000000f9580000,0x00000000f9580000,0x00000000fa000000)
 ParOldGen       total 175104K, used 24K [0x00000000e0000000, 0x00000000eab00000, 0x00000000f5580000)
  object space 175104K, 0% used [0x00000000e0000000,0x00000000e0006000,0x00000000eab00000)
 Metaspace       used 20016K, capacity 20570K, committed 20736K, reserved 1067008K
  class space    used 2864K, capacity 3023K, committed 3072K, reserved 1048576K
Event: 4.531 GC heap after
Heap after GC invocations=3 (full 0):
 PSYoungGen      total 76288K, used 10721K [0x00000000f5580000, 0x00000000faa80000, 0x0000000100000000)
  eden space 65536K, 0% used [0x00000000f5580000,0x00000000f5580000,0x00000000f9580000)
  from space 10752K, 99% used [0x00000000f9580000,0x00000000f9ff8760,0x00000000fa000000)
  to   space 10752K, 0% used [0x00000000fa000000,0x00000000fa000000,0x00000000faa80000)
 ParOldGen       total 175104K, used 518K [0x00000000e0000000, 0x00000000eab00000, 0x00000000f5580000)
  object space 175104K, 0% used [0x00000000e0000000,0x00000000e0081a48,0x00000000eab00000)
 Metaspace       used 20016K, capacity 20570K, committed 20736K, reserved 1067008K
  class space    used 2864K, capacity 3023K, committed 3072K, reserved 1048576K
}
Event: 4.656 GC heap before
{Heap before GC invocations=4 (full 0):
 PSYoungGen      total 76288K, used 21225K [0x00000000f5580000, 0x00000000faa80000, 0x0000000100000000)
  eden space 65536K, 16% used [0x00000000f5580000,0x00000000f5fc1ce8,0x00000000f9580000)
  from space 10752K, 99% used [0x00000000f9580000,0x00000000f9ff8760,0x00000000fa000000)
  to   space 10752K, 0% used [0x00000000fa000000,0x00000000fa000000,0x00000000faa80000)
 ParOldGen       total 175104K, used 518K [0x00000000e0000000, 0x00000000eab00000, 0x00000000f5580000)
  object space 175104K, 0% used [0x00000000e0000000,0x00000000e0081a48,0x00000000eab00000)
 Metaspace       used 20623K, capacity 21226K, committed 21296K, reserved 1067008K
  class space    used 2965K, capacity 3131K, committed 3200K, reserved 1048576K
Event: 4.662 GC heap after
Heap after GC invocations=4 (full 0):
 PSYoungGen      total 76288K, used 7292K [0x00000000f5580000, 0x00000000faa80000, 0x0000000100000000)
  eden space 65536K, 0% used [0x00000000f5580000,0x00000000f5580000,0x00000000f9580000)
  from space 10752K, 67% used [0x00000000fa000000,0x00000000fa71f030,0x00000000faa80000)
  to   space 10752K, 0% used [0x00000000f9580000,0x00000000f9580000,0x00000000fa000000)
 ParOldGen       total 175104K, used 526K [0x00000000e0000000, 0x00000000eab00000, 0x00000000f5580000)
  object space 175104K, 0% used [0x00000000e0000000,0x00000000e0083a48,0x00000000eab00000)
 Metaspace       used 20623K, capacity 21226K, committed 21296K, reserved 1067008K
  class space    used 2965K, capacity 3131K, committed 3200K, reserved 1048576K
}
Event: 4.662 GC heap before
{Heap before GC invocations=5 (full 1):
 PSYoungGen      total 76288K, used 7292K [0x00000000f5580000, 0x00000000faa80000, 0x0000000100000000)
  eden space 65536K, 0% used [0x00000000f5580000,0x00000000f5580000,0x00000000f9580000)
  from space 10752K, 67% used [0x00000000fa000000,0x00000000fa71f030,0x00000000faa80000)
  to   space 10752K, 0% used [0x00000000f9580000,0x00000000f9580000,0x00000000fa000000)
 ParOldGen       total 175104K, used 526K [0x00000000e0000000, 0x00000000eab00000, 0x00000000f5580000)
  object space 175104K, 0% used [0x00000000e0000000,0x00000000e0083a48,0x00000000eab00000)
 Metaspace       used 20623K, capacity 21226K, committed 21296K, reserved 1067008K
  class space    used 2965K, capacity 3131K, committed 3200K, reserved 1048576K
Event: 4.703 GC heap after
Heap after GC invocations=5 (full 1):
 PSYoungGen      total 76288K, used 0K [0x00000000f5580000, 0x00000000faa80000, 0x0000000100000000)
  eden space 65536K, 0% used [0x00000000f5580000,0x00000000f5580000,0x00000000f9580000)
  from space 10752K, 0% used [0x00000000fa000000,0x00000000fa000000,0x00000000faa80000)
  to   space 10752K, 0% used [0x00000000f9580000,0x00000000f9580000,0x00000000fa000000)
 ParOldGen       total 175104K, used 7078K [0x00000000e0000000, 0x00000000eab00000, 0x00000000f5580000)
  object space 175104K, 4% used [0x00000000e0000000,0x00000000e06e9aa8,0x00000000eab00000)
 Metaspace       used 20623K, capacity 21226K, committed 21296K, reserved 1067008K
  class space    used 2965K, capacity 3131K, committed 3200K, reserved 1048576K
}
Event: 5.973 GC heap before
{Heap before GC invocations=6 (full 1):
 PSYoungGen      total 76288K, used 65536K [0x00000000f5580000, 0x00000000faa80000, 0x0000000100000000)
  eden space 65536K, 100% used [0x00000000f5580000,0x00000000f9580000,0x00000000f9580000)
  from space 10752K, 0% used [0x00000000fa000000,0x00000000fa000000,0x00000000faa80000)
  to   space 10752K, 0% used [0x00000000f9580000,0x00000000f9580000,0x00000000fa000000)
 ParOldGen       total 175104K, used 7078K [0x00000000e0000000, 0x00000000eab00000, 0x00000000f5580000)
  object space 175104K, 4% used [0x00000000e0000000,0x00000000e06e9aa8,0x00000000eab00000)
 Metaspace       used 29132K, capacity 29858K, committed 30080K, reserved 1075200K
  class space    used 3976K, capacity 4201K, committed 4224K, reserved 1048576K

Deoptimization events (10 events):
Event: 4.704 Thread 0x0000000015b31800 Uncommon trap: reason=unstable_if action=reinterpret pc=0x0000000002aadf64 method=java.lang.ref.Finalizer.remove()V @ 10
Event: 4.752 Thread 0x000000001820e000 Uncommon trap: reason=unstable_if action=reinterpret pc=0x00000000027b3c9c method=java.io.WinNTFileSystem.resolve(Ljava/lang/String;Ljava/lang/String;)Ljava/lang/String; @ 49
Event: 4.798 Thread 0x000000001820e000 Uncommon trap: reason=unstable_if action=reinterpret pc=0x000000000281eeb0 method=java.util.LinkedHashMap.afterNodeInsertion(Z)V @ 1
Event: 5.116 Thread 0x000000001820e000 Uncommon trap: reason=unstable_if action=reinterpret pc=0x00000000029311d8 method=java.util.HashMap.putVal(ILjava/lang/Object;Ljava/lang/Object;ZZ)Ljava/lang/Object; @ 162
Event: 5.630 Thread 0x000000001820e000 Uncommon trap: reason=class_check action=maybe_recompile pc=0x0000000002b8a578 method=sun.misc.URLClassPath.getLoader(I)Lsun/misc/URLClassPath$Loader; @ 94
Event: 5.631 Thread 0x000000001820e000 Uncommon trap: reason=class_check action=maybe_recompile pc=0x0000000002a10084 method=sun.misc.URLClassPath.getResource(Ljava/lang/String;Z)Lsun/misc/Resource; @ 62
Event: 5.631 Thread 0x000000001820e000 Uncommon trap: reason=unstable_if action=reinterpret pc=0x00000000029703c4 method=java.lang.String.regionMatches(ZILjava/lang/String;II)Z @ 41
Event: 5.635 Thread 0x000000001820e000 Uncommon trap: reason=unstable_if action=reinterpret pc=0x0000000002976760 method=java.lang.ClassLoader.getClassLoadingLock(Ljava/lang/String;)Ljava/lang/Object; @ 6
Event: 5.661 Thread 0x000000001820e000 Uncommon trap: reason=class_check action=maybe_recompile pc=0x0000000002b8a9a4 method=sun.misc.URLClassPath.getLoader(I)Lsun/misc/URLClassPath$Loader; @ 239
Event: 5.674 Thread 0x000000001820e000 Uncommon trap: reason=class_check action=maybe_recompile pc=0x0000000002b8a9a4 method=sun.misc.URLClassPath.getLoader(I)Lsun/misc/URLClassPath$Loader; @ 239

Classes redefined (0 events):
No events

Internal exceptions (10 events):
Event: 5.703 Thread 0x000000001820e000 Exception <a 'java/lang/ClassNotFoundException': org/gradle/api/internal/project/AbstractPluginAwareBeanInfo> (0x00000000f8a9c560) thrown at [C:\tmp\build-8-cpu\jdk8u\hotspot\src\share\vm\classfile\systemDictionary.cpp, line 217]
Event: 5.704 Thread 0x000000001820e000 Exception <a 'java/lang/ClassNotFoundException': org/gradle/api/internal/project/AbstractPluginAwareCustomizer> (0x00000000f8acf850) thrown at [C:\tmp\build-8-cpu\jdk8u\hotspot\src\share\vm\classfile\systemDictionary.cpp, line 217]
Event: 5.706 Thread 0x000000001820e000 Exception <a 'java/lang/ClassNotFoundException': org/gradle/initialization/DefaultSettingsCustomizer> (0x00000000f8b04c98) thrown at [C:\tmp\build-8-cpu\jdk8u\hotspot\src\share\vm\classfile\systemDictionary.cpp, line 217]
Event: 5.710 Thread 0x000000001820e000 Exception <a 'java/lang/ClassNotFoundException': org/gradle/initialization/DefaultSettings_DecoratedCustomizer> (0x00000000f8b723e8) thrown at [C:\tmp\build-8-cpu\jdk8u\hotspot\src\share\vm\classfile\systemDictionary.cpp, line 217]
Event: 5.723 Thread 0x000000001820e000 Exception <a 'java/lang/ClassNotFoundException': org/gradle/initialization/DefaultProjectDescriptorBeanInfo> (0x00000000f8c44288) thrown at [C:\tmp\build-8-cpu\jdk8u\hotspot\src\share\vm\classfile\systemDictionary.cpp, line 217]
Event: 5.723 Thread 0x000000001820e000 Exception <a 'java/lang/ClassNotFoundException': org/gradle/initialization/DefaultProjectDescriptorCustomizer> (0x00000000f8c75700) thrown at [C:\tmp\build-8-cpu\jdk8u\hotspot\src\share\vm\classfile\systemDictionary.cpp, line 217]
Event: 5.859 Thread 0x000000001820e000 Exception <a 'java/lang/ClassNotFoundException': java/io/FileBeanInfo> (0x00000000f921de50) thrown at [C:\tmp\build-8-cpu\jdk8u\hotspot\src\share\vm\classfile\systemDictionary.cpp, line 217]
Event: 5.859 Thread 0x000000001820e000 Exception <a 'java/lang/ClassNotFoundException': java/io/FileCustomizer> (0x00000000f9220be0) thrown at [C:\tmp\build-8-cpu\jdk8u\hotspot\src\share\vm\classfile\systemDictionary.cpp, line 217]
Event: 5.952 Thread 0x000000001820e000 Exception <a 'java/lang/ClassNotFoundException': org/gradle/api/internal/plugins/DefaultObjectConfigurationActionBeanInfo> (0x00000000f941f178) thrown at [C:\tmp\build-8-cpu\jdk8u\hotspot\src\share\vm\classfile\systemDictionary.cpp, line 217]
Event: 5.953 Thread 0x000000001820e000 Exception <a 'java/lang/ClassNotFoundException': org/gradle/api/internal/plugins/DefaultObjectConfigurationActionCustomizer> (0x00000000f94574f0) thrown at [C:\tmp\build-8-cpu\jdk8u\hotspot\src\share\vm\classfile\systemDictionary.cpp, line 217]

Events (10 events):
Event: 5.968 loading class org/apache/http/client/methods/HttpGet done
Event: 5.971 loading class org/gradle/internal/resource/transport/http/HttpErrorStatusCodeException
Event: 5.971 loading class org/gradle/internal/resource/transport/http/HttpErrorStatusCodeException done
Event: 5.971 loading class org/gradle/internal/resource/transport/http/HttpClientHelper$FailureFromRedirectLocation
Event: 5.971 loading class org/gradle/internal/resource/transport/http/HttpClientHelper$FailureFromRedirectLocation done
Event: 5.972 loading class org/gradle/internal/resource/transport/http/HttpRequestException
Event: 5.972 loading class org/gradle/internal/resource/transport/http/HttpRequestException done
Event: 5.973 loading class org/apache/http/protocol/HttpContext
Event: 5.973 loading class org/apache/http/protocol/HttpContext done
Event: 5.973 Executing VM operation: ParallelGCFailedAllocation


Dynamic libraries:
0x00007ff76b810000 - 0x00007ff76b845000 	C:\Program Files\OpenJDK\openjdk-8u302-b08\bin\java.exe
0x00007ffbd9ef0000 - 0x00007ffbda0e5000 	C:\WINDOWS\SYSTEM32\ntdll.dll
0x00007ffbd9460000 - 0x00007ffbd951e000 	C:\WINDOWS\System32\KERNEL32.DLL
0x00007ffbd7c70000 - 0x00007ffbd7f39000 	C:\WINDOWS\System32\KERNELBASE.dll
0x00007ffbd7fe0000 - 0x00007ffbd808c000 	C:\WINDOWS\System32\ADVAPI32.dll
0x00007ffbd93c0000 - 0x00007ffbd945e000 	C:\WINDOWS\System32\msvcrt.dll
0x00007ffbd9e10000 - 0x00007ffbd9eab000 	C:\WINDOWS\System32\sechost.dll
0x00007ffbd8290000 - 0x00007ffbd83ba000 	C:\WINDOWS\System32\RPCRT4.dll
0x00007ffbd9820000 - 0x00007ffbd99c1000 	C:\WINDOWS\System32\USER32.dll
0x00007ffbd76a0000 - 0x00007ffbd76c2000 	C:\WINDOWS\System32\win32u.dll
0x00007ffbd8090000 - 0x00007ffbd80bb000 	C:\WINDOWS\System32\GDI32.dll
0x00007ffbd7ac0000 - 0x00007ffbd7bcb000 	C:\WINDOWS\System32\gdi32full.dll
0x00007ffbd7bd0000 - 0x00007ffbd7c6d000 	C:\WINDOWS\System32\msvcp_win.dll
0x00007ffbd78e0000 - 0x00007ffbd79e0000 	C:\WINDOWS\System32\ucrtbase.dll
0x00007ffbc5ed0000 - 0x00007ffbc616a000 	C:\WINDOWS\WinSxS\amd64_microsoft.windows.common-controls_6595b64144ccf1df_6.0.19041.1110_none_60b5254171f9507e\COMCTL32.dll
0x00007ffbd8170000 - 0x00007ffbd81a0000 	C:\WINDOWS\System32\IMM32.DLL
0x0000000073d30000 - 0x0000000073e02000 	C:\Program Files\OpenJDK\openjdk-8u302-b08\jre\bin\msvcr100.dll
0x0000000071ff0000 - 0x0000000072883000 	C:\Program Files\OpenJDK\openjdk-8u302-b08\jre\bin\server\jvm.dll
0x00007ffbd8280000 - 0x00007ffbd8288000 	C:\WINDOWS\System32\PSAPI.DLL
0x00007ffbcf060000 - 0x00007ffbcf06a000 	C:\WINDOWS\SYSTEM32\VERSION.dll
0x00007ffbcd650000 - 0x00007ffbcd659000 	C:\WINDOWS\SYSTEM32\WSOCK32.dll
0x00007ffbc26b0000 - 0x00007ffbc26d7000 	C:\WINDOWS\SYSTEM32\WINMM.dll
0x00007ffbd9180000 - 0x00007ffbd91eb000 	C:\WINDOWS\System32\WS2_32.dll
0x00007ffbcd5c0000 - 0x00007ffbcd5cf000 	C:\Program Files\OpenJDK\openjdk-8u302-b08\jre\bin\verify.dll
0x00007ffbc59f0000 - 0x00007ffbc5a19000 	C:\Program Files\OpenJDK\openjdk-8u302-b08\jre\bin\java.dll
0x00007ffbc5910000 - 0x00007ffbc5926000 	C:\Program Files\OpenJDK\openjdk-8u302-b08\jre\bin\zip.dll
0x00007ffbd8480000 - 0x00007ffbd8bbf000 	C:\WINDOWS\System32\SHELL32.dll
0x00007ffbd5710000 - 0x00007ffbd5ea0000 	C:\WINDOWS\SYSTEM32\windows.storage.dll
0x00007ffbd9ab0000 - 0x00007ffbd9e05000 	C:\WINDOWS\System32\combase.dll
0x00007ffbd6f90000 - 0x00007ffbd6fbc000 	C:\WINDOWS\SYSTEM32\Wldp.dll
0x00007ffbd80c0000 - 0x00007ffbd816d000 	C:\WINDOWS\System32\SHCORE.dll
0x00007ffbd8420000 - 0x00007ffbd8475000 	C:\WINDOWS\System32\shlwapi.dll
0x00007ffbd7550000 - 0x00007ffbd756f000 	C:\WINDOWS\SYSTEM32\profapi.dll
0x00007ffbc58f0000 - 0x00007ffbc590b000 	C:\Program Files\OpenJDK\openjdk-8u302-b08\jre\bin\net.dll
0x00007ffbd6cf0000 - 0x00007ffbd6d5a000 	C:\WINDOWS\system32\mswsock.dll
0x00007ffbc58d0000 - 0x00007ffbc58e1000 	C:\Program Files\OpenJDK\openjdk-8u302-b08\jre\bin\nio.dll
0x00007ffbc58a0000 - 0x00007ffbc58ca000 	C:\Users\moron\.gradle\native\36\windows-amd64\native-platform.dll
0x00007ffbcd580000 - 0x00007ffbcd58d000 	C:\Program Files\OpenJDK\openjdk-8u302-b08\jre\bin\management.dll
0x00007ffbd6ee0000 - 0x00007ffbd6ef8000 	C:\WINDOWS\SYSTEM32\CRYPTSP.dll
0x00007ffbd6670000 - 0x00007ffbd66a4000 	C:\WINDOWS\system32\rsaenh.dll
0x00007ffbd7670000 - 0x00007ffbd7697000 	C:\WINDOWS\System32\bcrypt.dll
0x00007ffbd7510000 - 0x00007ffbd753e000 	C:\WINDOWS\SYSTEM32\USERENV.dll
0x00007ffbd7a30000 - 0x00007ffbd7ab3000 	C:\WINDOWS\System32\bcryptprimitives.dll
0x00007ffbd6f00000 - 0x00007ffbd6f0c000 	C:\WINDOWS\SYSTEM32\CRYPTBASE.dll
0x00007ffbd69e0000 - 0x00007ffbd6a1b000 	C:\WINDOWS\SYSTEM32\IPHLPAPI.DLL
0x00007ffbd7fd0000 - 0x00007ffbd7fd8000 	C:\WINDOWS\System32\NSI.dll
0x00007ffbd0610000 - 0x00007ffbd0627000 	C:\WINDOWS\SYSTEM32\dhcpcsvc6.DLL
0x00007ffbd0580000 - 0x00007ffbd059d000 	C:\WINDOWS\SYSTEM32\dhcpcsvc.DLL
0x00007ffbd6a20000 - 0x00007ffbd6aec000 	C:\WINDOWS\SYSTEM32\DNSAPI.dll

VM Arguments:
jvm_args: -XX:MaxMetaspaceSize=256m -XX:+HeapDumpOnOutOfMemoryError -Xms256m -Xmx512m -Dfile.encoding=windows-1252 -Duser.country=MX -Duser.language=es -Duser.variant 
java_command: org.gradle.launcher.daemon.bootstrap.GradleDaemon 6.2
java_class_path (initial): C:\Users\moron\.gradle\wrapper\dists\gradle-6.2-all\dvufqs6kielxeao781pmk5huj\gradle-6.2\lib\gradle-launcher-6.2.jar
Launcher Type: SUN_STANDARD

Environment Variables:
JAVA_HOME=C:\Program Files\OpenJDK\openjdk-8u302-b08
CLASSPATH=C:\Users\moron\Desktop\r-n\LARC_APP-master\android\\gradle\wrapper\gradle-wrapper.jar
PATH=C:\Users\moron\Desktop\r-n\LARC_APP-master\android\node_modules\.bin;C:\Users\moron\Desktop\r-n\LARC_APP-master\node_modules\.bin;C:\Users\moron\Desktop\r-n\node_modules\.bin;C:\Users\moron\Desktop\node_modules\.bin;C:\Users\moron\node_modules\.bin;C:\Users\node_modules\.bin;C:\node_modules\.bin;C:\Program Files\nodejs;C:\Users\moron\Desktop\r-n\LARC_APP-master\node_modules\.bin;C:\WINDOWS\system32;C:\WINDOWS;C:\WINDOWS\System32\Wbem;C:\WINDOWS\System32\WindowsPowerShell\v1.0\;C:\WINDOWS\System32\OpenSSH\;C:\ProgramData\chocolatey\bin;C:\Program Files\OpenJDK\openjdk-8u302-b08\bin;C:\Program Files\nodejs\;C:\Program Files\Git\cmd;C:\Users\moron;C:\Users\moron\AppData\Local\Android\Sdk\platform-tools;;C:\Users\moron\AppData\Local\Programs\Microsoft VS Code\bin;C:\Users\moron\AppData\Roaming\npm
USERNAME=moron
OS=Windows_NT
PROCESSOR_IDENTIFIER=AMD64 Family 23 Model 17 Stepping 0, AuthenticAMD



---------------  S Y S T E M  ---------------

OS: Windows 10.0 , 64 bit Build 19041 (10.0.19041.1202)

CPU:total 8 (initial active 8) (8 cores per cpu, 1 threads per core) family 23 model 17 stepping 0, cmov, cx8, fxsr, mmx, sse, sse2, sse3, ssse3, sse4.1, sse4.2, popcnt, avx, avx2, aes, clmul, mmxext, 3dnowpref, lzcnt, sse4a, tsc, tscinvbit, tscinv, bmi1

Memory: 4k page, physical 6182288k(23080k free), swap 25056656k(4108k free)

vm_info: OpenJDK 64-Bit Server VM (25.302-b08) for windows-amd64 JRE (1.8.0_302-b08), built on Jul 16 2021 12:02:07 by "build" with MS VC++ 10.0 (VS2010)

time: Wed Oct 27 17:09:13 2021
timezone: Hora de ver. Pacífico (México)
elapsed time: 5.991259 seconds (0d 0h 0m 5s)

